[debug] [2022-08-15T13:49:12.544Z] ----------------------------------------------------------------------
[debug] [2022-08-15T13:49:12.545Z] Command:       C:\Program Files\nodejs\node.exe C:\Users\Dell\AppData\Roaming\npm\node_modules\firebase-tools\lib\bin\firebase.js -P todo-3ef17 init
[debug] [2022-08-15T13:49:12.546Z] CLI Version:   11.6.0
[debug] [2022-08-15T13:49:12.546Z] Platform:      win32
[debug] [2022-08-15T13:49:12.546Z] Node Version:  v16.15.0
[debug] [2022-08-15T13:49:12.546Z] Time:          Mon Aug 15 2022 17:49:12 GMT+0400 (Gulf Standard Time)
[debug] [2022-08-15T13:49:12.546Z] ----------------------------------------------------------------------
[debug] 
[debug] [2022-08-15T13:49:12.552Z] > command requires scopes: ["email","openid","https://www.googleapis.com/auth/cloudplatformprojects.readonly","https://www.googleapis.com/auth/firebase","https://www.googleapis.com/auth/cloud-platform"]
[debug] [2022-08-15T13:49:12.552Z] > authorizing via signed-in user (codewithpassion7@gmail.com)
[info] 
     ######## #### ########  ######## ########     ###     ######  ########
     ##        ##  ##     ## ##       ##     ##  ##   ##  ##       ##
     ######    ##  ########  ######   ########  #########  ######  ######
     ##        ##  ##    ##  ##       ##     ## ##     ##       ## ##
     ##       #### ##     ## ######## ########  ##     ##  ######  ########

You're about to initialize a Firebase project in this directory:

  F:\Js\React\todo

[info] 
=== Project Setup
[info] 
[info] First, let's associate this project directory with a Firebase project.
[info] You can create multiple project aliases by running firebase use --add, 
[info] but for now we'll just set up a default project.
[info] 
[debug] [2022-08-15T13:49:17.876Z] Using project from CLI flag: todo-3ef17
[debug] [2022-08-15T13:49:17.878Z] >>> [apiv2][query] GET https://firebase.googleapis.com/v1beta1/projects/todo-3ef17 [none]
[debug] [2022-08-15T13:49:18.354Z] <<< [apiv2][status] GET https://firebase.googleapis.com/v1beta1/projects/todo-3ef17 403
[debug] [2022-08-15T13:49:18.354Z] <<< [apiv2][body] GET https://firebase.googleapis.com/v1beta1/projects/todo-3ef17 {"error":{"code":403,"message":"The caller does not have permission","status":"PERMISSION_DENIED"}}
[debug] [2022-08-15T13:49:18.354Z] HTTP Error: 403, The caller does not have permission
[debug] [2022-08-15T13:49:18.606Z] FirebaseError: HTTP Error: 403, The caller does not have permission
    at responseToError (C:\Users\Dell\AppData\Roaming\npm\node_modules\firebase-tools\lib\responseToError.js:49:12)
    at RetryOperation._fn (C:\Users\Dell\AppData\Roaming\npm\node_modules\firebase-tools\lib\apiv2.js:288:77)
    at processTicksAndRejections (node:internal/process/task_queues:96:5)
[error] 
[error] Error: Failed to get Firebase project todo-3ef17. Please make sure the project exists and your account has permission to access it.
